The system is: Linux - 3.10.0-957.el7.x86_64 - x86_64
Compiling the C compiler identification source file "CMakeCCompilerId.c" succeeded.
Compiler: /usr/bin/cc 
Build flags: 
Id flags:  

The output was:
0


Compilation of the C compiler identification source "CMakeCCompilerId.c" produced "a.out"

The C compiler identification is GNU, found in "/public/home/zhaoyd1/TG_pytorch/masking/tmp/CMakeFiles/3.22.0-rc3/CompilerIdC/a.out"

Compiling the CXX compiler identification source file "CMakeCXXCompilerId.cpp" succeeded.
Compiler: /usr/bin/c++ 
Build flags: 
Id flags:  

The output was:
0


Compilation of the CXX compiler identification source "CMakeCXXCompilerId.cpp" produced "a.out"

The CXX compiler identification is GNU, found in "/public/home/zhaoyd1/TG_pytorch/masking/tmp/CMakeFiles/3.22.0-rc3/CompilerIdCXX/a.out"

The system is: Linux - 3.10.0-957.el7.x86_64 - x86_64
Compiling the C compiler identification source file "CMakeCCompilerId.c" succeeded.
Compiler: /public/software/gcc/gcc-10.2.0/bin/gcc 
Build flags: 
Id flags:  

The output was:
0


Compilation of the C compiler identification source "CMakeCCompilerId.c" produced "a.out"

The C compiler identification is GNU, found in "/public/home/zhaoyd1/TG_pytorch/masking/tmp/CMakeFiles/3.22.0-rc3/CompilerIdC/a.out"

Compiling the CXX compiler identification source file "CMakeCXXCompilerId.cpp" succeeded.
Compiler: /public/software/gcc/gcc-10.2.0/bin/g++ 
Build flags: 
Id flags:  

The output was:
0


Compilation of the CXX compiler identification source "CMakeCXXCompilerId.cpp" produced "a.out"

The CXX compiler identification is GNU, found in "/public/home/zhaoyd1/TG_pytorch/masking/tmp/CMakeFiles/3.22.0-rc3/CompilerIdCXX/a.out"

Detecting C compiler ABI info compiled with the following output:
Change Dir: /public/home/zhaoyd1/TG_pytorch/masking/tmp/CMakeFiles/CMakeTmp

Run Build Command(s):/usr/bin/gmake -f Makefile cmTC_5bff2/fast && /usr/bin/gmake  -f CMakeFiles/cmTC_5bff2.dir/build.make CMakeFiles/cmTC_5bff2.dir/build
gmake[1]: Entering directory `/public/home/zhaoyd1/TG_pytorch/masking/tmp/CMakeFiles/CMakeTmp'
Building C object CMakeFiles/cmTC_5bff2.dir/CMakeCCompilerABI.c.o
/public/software/gcc/gcc-10.2.0/bin/gcc   -v -o CMakeFiles/cmTC_5bff2.dir/CMakeCCompilerABI.c.o -c /public/software/cmake/cmake-3.22.0/share/cmake-3.22/Modules/CMakeCCompilerABI.c
Using built-in specs.
COLLECT_GCC=/public/software/gcc/gcc-10.2.0/bin/gcc
Target: x86_64-pc-linux-gnu
Configured with: ./configure --prefix=/public/software/gcc/gcc-10.2.0 --enable-threads=posix -disable-checking -disable-multilib --enable-languages=c,c++ --with-gmp=/public/software/gmp/gmp-6.2.1 --with-mpfr=/public/software/mpfr/mpfr-4.1.0 --with-mpc=/public/software/mpc/mpc-1.2.1 --disable-multilib
Thread model: posix
Supported LTO compression algorithms: zlib
gcc version 10.2.0 (GCC) 
COLLECT_GCC_OPTIONS='-v' '-o' 'CMakeFiles/cmTC_5bff2.dir/CMakeCCompilerABI.c.o' '-c' '-mtune=generic' '-march=x86-64'
 /public/software/gcc/gcc-10.2.0/libexec/gcc/x86_64-pc-linux-gnu/10.2.0/cc1 -quiet -v /public/software/cmake/cmake-3.22.0/share/cmake-3.22/Modules/CMakeCCompilerABI.c -quiet -dumpbase CMakeCCompilerABI.c -mtune=generic -march=x86-64 -auxbase-strip CMakeFiles/cmTC_5bff2.dir/CMakeCCompilerABI.c.o -version -o /tmp/ccJa61z5.s
GNU C17 (GCC) version 10.2.0 (x86_64-pc-linux-gnu)
	compiled by GNU C version 10.2.0, GMP version 6.2.1, MPFR version 4.1.0, MPC version 1.2.1, isl version none
warning: MPC header version 1.2.1 differs from library version 1.0.1.
GGC heuristics: --param ggc-min-expand=100 --param ggc-min-heapsize=131072
ignoring duplicate directory "/opt/gridview/pmix/include"
ignoring duplicate directory "/opt/gridview/ucx/include"
ignoring duplicate directory "/opt/gridview/slurm/include"
ignoring duplicate directory "/opt/gridview/munge/include"
ignoring nonexistent directory "/public/software/gcc/gcc-10.2.0/lib/gcc/x86_64-pc-linux-gnu/10.2.0/../../../../x86_64-pc-linux-gnu/include"
#include "..." search starts here:
#include <...> search starts here:
 /opt/gridview/pmix/include
 /opt/gridview/ucx/include
 /opt/gridview/slurm/include
 /opt/gridview/munge/include
 /public/software/gcc/gcc-10.2.0/lib/gcc/x86_64-pc-linux-gnu/10.2.0/include
 /usr/local/include
 /public/software/gcc/gcc-10.2.0/include
 /public/software/gcc/gcc-10.2.0/lib/gcc/x86_64-pc-linux-gnu/10.2.0/include-fixed
 /usr/include
End of search list.
GNU C17 (GCC) version 10.2.0 (x86_64-pc-linux-gnu)
	compiled by GNU C version 10.2.0, GMP version 6.2.1, MPFR version 4.1.0, MPC version 1.2.1, isl version none
warning: MPC header version 1.2.1 differs from library version 1.0.1.
GGC heuristics: --param ggc-min-expand=100 --param ggc-min-heapsize=131072
Compiler executable checksum: b2f79cee4b374b6bdb7a6d45066d03e3
COLLECT_GCC_OPTIONS='-v' '-o' 'CMakeFiles/cmTC_5bff2.dir/CMakeCCompilerABI.c.o' '-c' '-mtune=generic' '-march=x86-64'
 as -v --64 -o CMakeFiles/cmTC_5bff2.dir/CMakeCCompilerABI.c.o /tmp/ccJa61z5.s
GNU assembler version 2.27 (x86_64-redhat-linux) using BFD version version 2.27-34.base.el7
COMPILER_PATH=/public/software/gcc/gcc-10.2.0/libexec/gcc/x86_64-pc-linux-gnu/10.2.0/:/public/software/gcc/gcc-10.2.0/libexec/gcc/x86_64-pc-linux-gnu/10.2.0/:/public/software/gcc/gcc-10.2.0/libexec/gcc/x86_64-pc-linux-gnu/:/public/software/gcc/gcc-10.2.0/lib/gcc/x86_64-pc-linux-gnu/10.2.0/:/public/software/gcc/gcc-10.2.0/lib/gcc/x86_64-pc-linux-gnu/
LIBRARY_PATH=/public/software/gcc/gcc-10.2.0/lib/gcc/x86_64-pc-linux-gnu/10.2.0/:/public/software/gcc/gcc-10.2.0/lib/gcc/x86_64-pc-linux-gnu/10.2.0/../../../../lib64/:/lib/../lib64/:/usr/lib/../lib64/:/public/software/gcc/gcc-10.2.0/lib/gcc/x86_64-pc-linux-gnu/10.2.0/../../../:/lib/:/usr/lib/
COLLECT_GCC_OPTIONS='-v' '-o' 'CMakeFiles/cmTC_5bff2.dir/CMakeCCompilerABI.c.o' '-c' '-mtune=generic' '-march=x86-64'
Linking C executable cmTC_5bff2
/public/software/cmake/cmake-3.22.0/bin/cmake -E cmake_link_script CMakeFiles/cmTC_5bff2.dir/link.txt --verbose=1
/public/software/gcc/gcc-10.2.0/bin/gcc  -v -rdynamic CMakeFiles/cmTC_5bff2.dir/CMakeCCompilerABI.c.o -o cmTC_5bff2 
Using built-in specs.
COLLECT_GCC=/public/software/gcc/gcc-10.2.0/bin/gcc
COLLECT_LTO_WRAPPER=/public/software/gcc/gcc-10.2.0/libexec/gcc/x86_64-pc-linux-gnu/10.2.0/lto-wrapper
Target: x86_64-pc-linux-gnu
Configured with: ./configure --prefix=/public/software/gcc/gcc-10.2.0 --enable-threads=posix -disable-checking -disable-multilib --enable-languages=c,c++ --with-gmp=/public/software/gmp/gmp-6.2.1 --with-mpfr=/public/software/mpfr/mpfr-4.1.0 --with-mpc=/public/software/mpc/mpc-1.2.1 --disable-multilib
Thread model: posix
Supported LTO compression algorithms: zlib
gcc version 10.2.0 (GCC) 
COMPILER_PATH=/public/software/gcc/gcc-10.2.0/libexec/gcc/x86_64-pc-linux-gnu/10.2.0/:/public/software/gcc/gcc-10.2.0/libexec/gcc/x86_64-pc-linux-gnu/10.2.0/:/public/software/gcc/gcc-10.2.0/libexec/gcc/x86_64-pc-linux-gnu/:/public/software/gcc/gcc-10.2.0/lib/gcc/x86_64-pc-linux-gnu/10.2.0/:/public/software/gcc/gcc-10.2.0/lib/gcc/x86_64-pc-linux-gnu/
LIBRARY_PATH=/public/software/gcc/gcc-10.2.0/lib/gcc/x86_64-pc-linux-gnu/10.2.0/:/public/software/gcc/gcc-10.2.0/lib/gcc/x86_64-pc-linux-gnu/10.2.0/../../../../lib64/:/lib/../lib64/:/usr/lib/../lib64/:/public/software/gcc/gcc-10.2.0/lib/gcc/x86_64-pc-linux-gnu/10.2.0/../../../:/lib/:/usr/lib/
COLLECT_GCC_OPTIONS='-v' '-rdynamic' '-o' 'cmTC_5bff2' '-mtune=generic' '-march=x86-64'
 /public/software/gcc/gcc-10.2.0/libexec/gcc/x86_64-pc-linux-gnu/10.2.0/collect2 -plugin /public/software/gcc/gcc-10.2.0/libexec/gcc/x86_64-pc-linux-gnu/10.2.0/liblto_plugin.so -plugin-opt=/public/software/gcc/gcc-10.2.0/libexec/gcc/x86_64-pc-linux-gnu/10.2.0/lto-wrapper -plugin-opt=-fresolution=/tmp/ccta6CN9.res -plugin-opt=-pass-through=-lgcc -plugin-opt=-pass-through=-lgcc_s -plugin-opt=-pass-through=-lc -plugin-opt=-pass-through=-lgcc -plugin-opt=-pass-through=-lgcc_s --eh-frame-hdr -m elf_x86_64 -export-dynamic -dynamic-linker /lib64/ld-linux-x86-64.so.2 -o cmTC_5bff2 /lib/../lib64/crt1.o /lib/../lib64/crti.o /public/software/gcc/gcc-10.2.0/lib/gcc/x86_64-pc-linux-gnu/10.2.0/crtbegin.o -L/public/software/gcc/gcc-10.2.0/lib/gcc/x86_64-pc-linux-gnu/10.2.0 -L/public/software/gcc/gcc-10.2.0/lib/gcc/x86_64-pc-linux-gnu/10.2.0/../../../../lib64 -L/lib/../lib64 -L/usr/lib/../lib64 -L/public/software/gcc/gcc-10.2.0/lib/gcc/x86_64-pc-linux-gnu/10.2.0/../../.. CMakeFiles/cmTC_5bff2.dir/CMakeCCompilerABI.c.o -lgcc --as-needed -lgcc_s --no-as-needed -lc -lgcc --as-needed -lgcc_s --no-as-needed /public/software/gcc/gcc-10.2.0/lib/gcc/x86_64-pc-linux-gnu/10.2.0/crtend.o /lib/../lib64/crtn.o
COLLECT_GCC_OPTIONS='-v' '-rdynamic' '-o' 'cmTC_5bff2' '-mtune=generic' '-march=x86-64'
gmake[1]: Leaving directory `/public/home/zhaoyd1/TG_pytorch/masking/tmp/CMakeFiles/CMakeTmp'



Parsed C implicit include dir info from above output: rv=done
  found start of include info
  found start of implicit include info
    add: [/opt/gridview/pmix/include]
    add: [/opt/gridview/ucx/include]
    add: [/opt/gridview/slurm/include]
    add: [/opt/gridview/munge/include]
    add: [/public/software/gcc/gcc-10.2.0/lib/gcc/x86_64-pc-linux-gnu/10.2.0/include]
    add: [/usr/local/include]
    add: [/public/software/gcc/gcc-10.2.0/include]
    add: [/public/software/gcc/gcc-10.2.0/lib/gcc/x86_64-pc-linux-gnu/10.2.0/include-fixed]
    add: [/usr/include]
  end of search list found
  collapse include dir [/opt/gridview/pmix/include] ==> [/opt/gridview/pmix/include]
  collapse include dir [/opt/gridview/ucx/include] ==> [/opt/gridview/ucx/include]
  collapse include dir [/opt/gridview/slurm/include] ==> [/opt/gridview/slurm/include]
  collapse include dir [/opt/gridview/munge/include] ==> [/opt/gridview/munge/include]
  collapse include dir [/public/software/gcc/gcc-10.2.0/lib/gcc/x86_64-pc-linux-gnu/10.2.0/include] ==> [/public/software/gcc/gcc-10.2.0/lib/gcc/x86_64-pc-linux-gnu/10.2.0/include]
  collapse include dir [/usr/local/include] ==> [/usr/local/include]
  collapse include dir [/public/software/gcc/gcc-10.2.0/include] ==> [/public/software/gcc/gcc-10.2.0/include]
  collapse include dir [/public/software/gcc/gcc-10.2.0/lib/gcc/x86_64-pc-linux-gnu/10.2.0/include-fixed] ==> [/public/software/gcc/gcc-10.2.0/lib/gcc/x86_64-pc-linux-gnu/10.2.0/include-fixed]
  collapse include dir [/usr/include] ==> [/usr/include]
  implicit include dirs: [/opt/gridview/pmix/include;/opt/gridview/ucx/include;/opt/gridview/slurm/include;/opt/gridview/munge/include;/public/software/gcc/gcc-10.2.0/lib/gcc/x86_64-pc-linux-gnu/10.2.0/include;/usr/local/include;/public/software/gcc/gcc-10.2.0/include;/public/software/gcc/gcc-10.2.0/lib/gcc/x86_64-pc-linux-gnu/10.2.0/include-fixed;/usr/include]


Parsed C implicit link information from above output:
  link line regex: [^( *|.*[/\])(ld|CMAKE_LINK_STARTFILE-NOTFOUND|([^/\]+-)?ld|collect2)[^/\]*( |$)]
  ignore line: [Change Dir: /public/home/zhaoyd1/TG_pytorch/masking/tmp/CMakeFiles/CMakeTmp]
  ignore line: []
  ignore line: [Run Build Command(s):/usr/bin/gmake -f Makefile cmTC_5bff2/fast && /usr/bin/gmake  -f CMakeFiles/cmTC_5bff2.dir/build.make CMakeFiles/cmTC_5bff2.dir/build]
  ignore line: [gmake[1]: Entering directory `/public/home/zhaoyd1/TG_pytorch/masking/tmp/CMakeFiles/CMakeTmp']
  ignore line: [Building C object CMakeFiles/cmTC_5bff2.dir/CMakeCCompilerABI.c.o]
  ignore line: [/public/software/gcc/gcc-10.2.0/bin/gcc   -v -o CMakeFiles/cmTC_5bff2.dir/CMakeCCompilerABI.c.o -c /public/software/cmake/cmake-3.22.0/share/cmake-3.22/Modules/CMakeCCompilerABI.c]
  ignore line: [Using built-in specs.]
  ignore line: [COLLECT_GCC=/public/software/gcc/gcc-10.2.0/bin/gcc]
  ignore line: [Target: x86_64-pc-linux-gnu]
  ignore line: [Configured with: ./configure --prefix=/public/software/gcc/gcc-10.2.0 --enable-threads=posix -disable-checking -disable-multilib --enable-languages=c c++ --with-gmp=/public/software/gmp/gmp-6.2.1 --with-mpfr=/public/software/mpfr/mpfr-4.1.0 --with-mpc=/public/software/mpc/mpc-1.2.1 --disable-multilib]
  ignore line: [Thread model: posix]
  ignore line: [Supported LTO compression algorithms: zlib]
  ignore line: [gcc version 10.2.0 (GCC) ]
  ignore line: [COLLECT_GCC_OPTIONS='-v' '-o' 'CMakeFiles/cmTC_5bff2.dir/CMakeCCompilerABI.c.o' '-c' '-mtune=generic' '-march=x86-64']
  ignore line: [ /public/software/gcc/gcc-10.2.0/libexec/gcc/x86_64-pc-linux-gnu/10.2.0/cc1 -quiet -v /public/software/cmake/cmake-3.22.0/share/cmake-3.22/Modules/CMakeCCompilerABI.c -quiet -dumpbase CMakeCCompilerABI.c -mtune=generic -march=x86-64 -auxbase-strip CMakeFiles/cmTC_5bff2.dir/CMakeCCompilerABI.c.o -version -o /tmp/ccJa61z5.s]
  ignore line: [GNU C17 (GCC) version 10.2.0 (x86_64-pc-linux-gnu)]
  ignore line: [	compiled by GNU C version 10.2.0  GMP version 6.2.1  MPFR version 4.1.0  MPC version 1.2.1  isl version none]
  ignore line: [warning: MPC header version 1.2.1 differs from library version 1.0.1.]
  ignore line: [GGC heuristics: --param ggc-min-expand=100 --param ggc-min-heapsize=131072]
  ignore line: [ignoring duplicate directory "/opt/gridview/pmix/include"]
  ignore line: [ignoring duplicate directory "/opt/gridview/ucx/include"]
  ignore line: [ignoring duplicate directory "/opt/gridview/slurm/include"]
  ignore line: [ignoring duplicate directory "/opt/gridview/munge/include"]
  ignore line: [ignoring nonexistent directory "/public/software/gcc/gcc-10.2.0/lib/gcc/x86_64-pc-linux-gnu/10.2.0/../../../../x86_64-pc-linux-gnu/include"]
  ignore line: [#include "..." search starts here:]
  ignore line: [#include <...> search starts here:]
  ignore line: [ /opt/gridview/pmix/include]
  ignore line: [ /opt/gridview/ucx/include]
  ignore line: [ /opt/gridview/slurm/include]
  ignore line: [ /opt/gridview/munge/include]
  ignore line: [ /public/software/gcc/gcc-10.2.0/lib/gcc/x86_64-pc-linux-gnu/10.2.0/include]
  ignore line: [ /usr/local/include]
  ignore line: [ /public/software/gcc/gcc-10.2.0/include]
  ignore line: [ /public/software/gcc/gcc-10.2.0/lib/gcc/x86_64-pc-linux-gnu/10.2.0/include-fixed]
  ignore line: [ /usr/include]
  ignore line: [End of search list.]
  ignore line: [GNU C17 (GCC) version 10.2.0 (x86_64-pc-linux-gnu)]
  ignore line: [	compiled by GNU C version 10.2.0  GMP version 6.2.1  MPFR version 4.1.0  MPC version 1.2.1  isl version none]
  ignore line: [warning: MPC header version 1.2.1 differs from library version 1.0.1.]
  ignore line: [GGC heuristics: --param ggc-min-expand=100 --param ggc-min-heapsize=131072]
  ignore line: [Compiler executable checksum: b2f79cee4b374b6bdb7a6d45066d03e3]
  ignore line: [COLLECT_GCC_OPTIONS='-v' '-o' 'CMakeFiles/cmTC_5bff2.dir/CMakeCCompilerABI.c.o' '-c' '-mtune=generic' '-march=x86-64']
  ignore line: [ as -v --64 -o CMakeFiles/cmTC_5bff2.dir/CMakeCCompilerABI.c.o /tmp/ccJa61z5.s]
  ignore line: [GNU assembler version 2.27 (x86_64-redhat-linux) using BFD version version 2.27-34.base.el7]
  ignore line: [COMPILER_PATH=/public/software/gcc/gcc-10.2.0/libexec/gcc/x86_64-pc-linux-gnu/10.2.0/:/public/software/gcc/gcc-10.2.0/libexec/gcc/x86_64-pc-linux-gnu/10.2.0/:/public/software/gcc/gcc-10.2.0/libexec/gcc/x86_64-pc-linux-gnu/:/public/software/gcc/gcc-10.2.0/lib/gcc/x86_64-pc-linux-gnu/10.2.0/:/public/software/gcc/gcc-10.2.0/lib/gcc/x86_64-pc-linux-gnu/]
  ignore line: [LIBRARY_PATH=/public/software/gcc/gcc-10.2.0/lib/gcc/x86_64-pc-linux-gnu/10.2.0/:/public/software/gcc/gcc-10.2.0/lib/gcc/x86_64-pc-linux-gnu/10.2.0/../../../../lib64/:/lib/../lib64/:/usr/lib/../lib64/:/public/software/gcc/gcc-10.2.0/lib/gcc/x86_64-pc-linux-gnu/10.2.0/../../../:/lib/:/usr/lib/]
  ignore line: [COLLECT_GCC_OPTIONS='-v' '-o' 'CMakeFiles/cmTC_5bff2.dir/CMakeCCompilerABI.c.o' '-c' '-mtune=generic' '-march=x86-64']
  ignore line: [Linking C executable cmTC_5bff2]
  ignore line: [/public/software/cmake/cmake-3.22.0/bin/cmake -E cmake_link_script CMakeFiles/cmTC_5bff2.dir/link.txt --verbose=1]
  ignore line: [/public/software/gcc/gcc-10.2.0/bin/gcc  -v -rdynamic CMakeFiles/cmTC_5bff2.dir/CMakeCCompilerABI.c.o -o cmTC_5bff2 ]
  ignore line: [Using built-in specs.]
  ignore line: [COLLECT_GCC=/public/software/gcc/gcc-10.2.0/bin/gcc]
  ignore line: [COLLECT_LTO_WRAPPER=/public/software/gcc/gcc-10.2.0/libexec/gcc/x86_64-pc-linux-gnu/10.2.0/lto-wrapper]
  ignore line: [Target: x86_64-pc-linux-gnu]
  ignore line: [Configured with: ./configure --prefix=/public/software/gcc/gcc-10.2.0 --enable-threads=posix -disable-checking -disable-multilib --enable-languages=c c++ --with-gmp=/public/software/gmp/gmp-6.2.1 --with-mpfr=/public/software/mpfr/mpfr-4.1.0 --with-mpc=/public/software/mpc/mpc-1.2.1 --disable-multilib]
  ignore line: [Thread model: posix]
  ignore line: [Supported LTO compression algorithms: zlib]
  ignore line: [gcc version 10.2.0 (GCC) ]
  ignore line: [COMPILER_PATH=/public/software/gcc/gcc-10.2.0/libexec/gcc/x86_64-pc-linux-gnu/10.2.0/:/public/software/gcc/gcc-10.2.0/libexec/gcc/x86_64-pc-linux-gnu/10.2.0/:/public/software/gcc/gcc-10.2.0/libexec/gcc/x86_64-pc-linux-gnu/:/public/software/gcc/gcc-10.2.0/lib/gcc/x86_64-pc-linux-gnu/10.2.0/:/public/software/gcc/gcc-10.2.0/lib/gcc/x86_64-pc-linux-gnu/]
  ignore line: [LIBRARY_PATH=/public/software/gcc/gcc-10.2.0/lib/gcc/x86_64-pc-linux-gnu/10.2.0/:/public/software/gcc/gcc-10.2.0/lib/gcc/x86_64-pc-linux-gnu/10.2.0/../../../../lib64/:/lib/../lib64/:/usr/lib/../lib64/:/public/software/gcc/gcc-10.2.0/lib/gcc/x86_64-pc-linux-gnu/10.2.0/../../../:/lib/:/usr/lib/]
  ignore line: [COLLECT_GCC_OPTIONS='-v' '-rdynamic' '-o' 'cmTC_5bff2' '-mtune=generic' '-march=x86-64']
  link line: [ /public/software/gcc/gcc-10.2.0/libexec/gcc/x86_64-pc-linux-gnu/10.2.0/collect2 -plugin /public/software/gcc/gcc-10.2.0/libexec/gcc/x86_64-pc-linux-gnu/10.2.0/liblto_plugin.so -plugin-opt=/public/software/gcc/gcc-10.2.0/libexec/gcc/x86_64-pc-linux-gnu/10.2.0/lto-wrapper -plugin-opt=-fresolution=/tmp/ccta6CN9.res -plugin-opt=-pass-through=-lgcc -plugin-opt=-pass-through=-lgcc_s -plugin-opt=-pass-through=-lc -plugin-opt=-pass-through=-lgcc -plugin-opt=-pass-through=-lgcc_s --eh-frame-hdr -m elf_x86_64 -export-dynamic -dynamic-linker /lib64/ld-linux-x86-64.so.2 -o cmTC_5bff2 /lib/../lib64/crt1.o /lib/../lib64/crti.o /public/software/gcc/gcc-10.2.0/lib/gcc/x86_64-pc-linux-gnu/10.2.0/crtbegin.o -L/public/software/gcc/gcc-10.2.0/lib/gcc/x86_64-pc-linux-gnu/10.2.0 -L/public/software/gcc/gcc-10.2.0/lib/gcc/x86_64-pc-linux-gnu/10.2.0/../../../../lib64 -L/lib/../lib64 -L/usr/lib/../lib64 -L/public/software/gcc/gcc-10.2.0/lib/gcc/x86_64-pc-linux-gnu/10.2.0/../../.. CMakeFiles/cmTC_5bff2.dir/CMakeCCompilerABI.c.o -lgcc --as-needed -lgcc_s --no-as-needed -lc -lgcc --as-needed -lgcc_s --no-as-needed /public/software/gcc/gcc-10.2.0/lib/gcc/x86_64-pc-linux-gnu/10.2.0/crtend.o /lib/../lib64/crtn.o]
    arg [/public/software/gcc/gcc-10.2.0/libexec/gcc/x86_64-pc-linux-gnu/10.2.0/collect2] ==> ignore
    arg [-plugin] ==> ignore
    arg [/public/software/gcc/gcc-10.2.0/libexec/gcc/x86_64-pc-linux-gnu/10.2.0/liblto_plugin.so] ==> ignore
    arg [-plugin-opt=/public/software/gcc/gcc-10.2.0/libexec/gcc/x86_64-pc-linux-gnu/10.2.0/lto-wrapper] ==> ignore
    arg [-plugin-opt=-fresolution=/tmp/ccta6CN9.res] ==> ignore
    arg [-plugin-opt=-pass-through=-lgcc] ==> ignore
    arg [-plugin-opt=-pass-through=-lgcc_s] ==> ignore
    arg [-plugin-opt=-pass-through=-lc] ==> ignore
    arg [-plugin-opt=-pass-through=-lgcc] ==> ignore
    arg [-plugin-opt=-pass-through=-lgcc_s] ==> ignore
    arg [--eh-frame-hdr] ==> ignore
    arg [-m] ==> ignore
    arg [elf_x86_64] ==> ignore
    arg [-export-dynamic] ==> ignore
    arg [-dynamic-linker] ==> ignore
    arg [/lib64/ld-linux-x86-64.so.2] ==> ignore
    arg [-o] ==> ignore
    arg [cmTC_5bff2] ==> ignore
    arg [/lib/../lib64/crt1.o] ==> obj [/lib/../lib64/crt1.o]
    arg [/lib/../lib64/crti.o] ==> obj [/lib/../lib64/crti.o]
    arg [/public/software/gcc/gcc-10.2.0/lib/gcc/x86_64-pc-linux-gnu/10.2.0/crtbegin.o] ==> obj [/public/software/gcc/gcc-10.2.0/lib/gcc/x86_64-pc-linux-gnu/10.2.0/crtbegin.o]
    arg [-L/public/software/gcc/gcc-10.2.0/lib/gcc/x86_64-pc-linux-gnu/10.2.0] ==> dir [/public/software/gcc/gcc-10.2.0/lib/gcc/x86_64-pc-linux-gnu/10.2.0]
    arg [-L/public/software/gcc/gcc-10.2.0/lib/gcc/x86_64-pc-linux-gnu/10.2.0/../../../../lib64] ==> dir [/public/software/gcc/gcc-10.2.0/lib/gcc/x86_64-pc-linux-gnu/10.2.0/../../../../lib64]
    arg [-L/lib/../lib64] ==> dir [/lib/../lib64]
    arg [-L/usr/lib/../lib64] ==> dir [/usr/lib/../lib64]
    arg [-L/public/software/gcc/gcc-10.2.0/lib/gcc/x86_64-pc-linux-gnu/10.2.0/../../..] ==> dir [/public/software/gcc/gcc-10.2.0/lib/gcc/x86_64-pc-linux-gnu/10.2.0/../../..]
    arg [CMakeFiles/cmTC_5bff2.dir/CMakeCCompilerABI.c.o] ==> ignore
    arg [-lgcc] ==> lib [gcc]
    arg [--as-needed] ==> ignore
    arg [-lgcc_s] ==> lib [gcc_s]
    arg [--no-as-needed] ==> ignore
    arg [-lc] ==> lib [c]
    arg [-lgcc] ==> lib [gcc]
    arg [--as-needed] ==> ignore
    arg [-lgcc_s] ==> lib [gcc_s]
    arg [--no-as-needed] ==> ignore
    arg [/public/software/gcc/gcc-10.2.0/lib/gcc/x86_64-pc-linux-gnu/10.2.0/crtend.o] ==> obj [/public/software/gcc/gcc-10.2.0/lib/gcc/x86_64-pc-linux-gnu/10.2.0/crtend.o]
    arg [/lib/../lib64/crtn.o] ==> obj [/lib/../lib64/crtn.o]
  collapse obj [/lib/../lib64/crt1.o] ==> [/lib64/crt1.o]
  collapse obj [/lib/../lib64/crti.o] ==> [/lib64/crti.o]
  collapse obj [/lib/../lib64/crtn.o] ==> [/lib64/crtn.o]
  collapse library dir [/public/software/gcc/gcc-10.2.0/lib/gcc/x86_64-pc-linux-gnu/10.2.0] ==> [/public/software/gcc/gcc-10.2.0/lib/gcc/x86_64-pc-linux-gnu/10.2.0]
  collapse library dir [/public/software/gcc/gcc-10.2.0/lib/gcc/x86_64-pc-linux-gnu/10.2.0/../../../../lib64] ==> [/public/software/gcc/gcc-10.2.0/lib64]
  collapse library dir [/lib/../lib64] ==> [/lib64]
  collapse library dir [/usr/lib/../lib64] ==> [/usr/lib64]
  collapse library dir [/public/software/gcc/gcc-10.2.0/lib/gcc/x86_64-pc-linux-gnu/10.2.0/../../..] ==> [/public/software/gcc/gcc-10.2.0/lib]
  implicit libs: [gcc;gcc_s;c;gcc;gcc_s]
  implicit objs: [/lib64/crt1.o;/lib64/crti.o;/public/software/gcc/gcc-10.2.0/lib/gcc/x86_64-pc-linux-gnu/10.2.0/crtbegin.o;/public/software/gcc/gcc-10.2.0/lib/gcc/x86_64-pc-linux-gnu/10.2.0/crtend.o;/lib64/crtn.o]
  implicit dirs: [/public/software/gcc/gcc-10.2.0/lib/gcc/x86_64-pc-linux-gnu/10.2.0;/public/software/gcc/gcc-10.2.0/lib64;/lib64;/usr/lib64;/public/software/gcc/gcc-10.2.0/lib]
  implicit fwks: []


Detecting CXX compiler ABI info compiled with the following output:
Change Dir: /public/home/zhaoyd1/TG_pytorch/masking/tmp/CMakeFiles/CMakeTmp

Run Build Command(s):/usr/bin/gmake -f Makefile cmTC_de434/fast && /usr/bin/gmake  -f CMakeFiles/cmTC_de434.dir/build.make CMakeFiles/cmTC_de434.dir/build
gmake[1]: Entering directory `/public/home/zhaoyd1/TG_pytorch/masking/tmp/CMakeFiles/CMakeTmp'
Building CXX object CMakeFiles/cmTC_de434.dir/CMakeCXXCompilerABI.cpp.o
/public/software/gcc/gcc-10.2.0/bin/g++   -v -o CMakeFiles/cmTC_de434.dir/CMakeCXXCompilerABI.cpp.o -c /public/software/cmake/cmake-3.22.0/share/cmake-3.22/Modules/CMakeCXXCompilerABI.cpp
Using built-in specs.
COLLECT_GCC=/public/software/gcc/gcc-10.2.0/bin/g++
Target: x86_64-pc-linux-gnu
Configured with: ./configure --prefix=/public/software/gcc/gcc-10.2.0 --enable-threads=posix -disable-checking -disable-multilib --enable-languages=c,c++ --with-gmp=/public/software/gmp/gmp-6.2.1 --with-mpfr=/public/software/mpfr/mpfr-4.1.0 --with-mpc=/public/software/mpc/mpc-1.2.1 --disable-multilib
Thread model: posix
Supported LTO compression algorithms: zlib
gcc version 10.2.0 (GCC) 
COLLECT_GCC_OPTIONS='-v' '-o' 'CMakeFiles/cmTC_de434.dir/CMakeCXXCompilerABI.cpp.o' '-c' '-shared-libgcc' '-mtune=generic' '-march=x86-64'
 /public/software/gcc/gcc-10.2.0/libexec/gcc/x86_64-pc-linux-gnu/10.2.0/cc1plus -quiet -v -D_GNU_SOURCE /public/software/cmake/cmake-3.22.0/share/cmake-3.22/Modules/CMakeCXXCompilerABI.cpp -quiet -dumpbase CMakeCXXCompilerABI.cpp -mtune=generic -march=x86-64 -auxbase-strip CMakeFiles/cmTC_de434.dir/CMakeCXXCompilerABI.cpp.o -version -o /tmp/ccOiB00z.s
GNU C++14 (GCC) version 10.2.0 (x86_64-pc-linux-gnu)
	compiled by GNU C version 10.2.0, GMP version 6.2.1, MPFR version 4.1.0, MPC version 1.2.1, isl version none
warning: MPC header version 1.2.1 differs from library version 1.0.1.
GGC heuristics: --param ggc-min-expand=100 --param ggc-min-heapsize=131072
ignoring nonexistent directory "/public/software/gcc/gcc-10.2.0/lib/gcc/x86_64-pc-linux-gnu/10.2.0/../../../../x86_64-pc-linux-gnu/include"
#include "..." search starts here:
#include <...> search starts here:
 /public/software/gcc/gcc-10.2.0/lib/gcc/x86_64-pc-linux-gnu/10.2.0/../../../../include/c++/10.2.0
 /public/software/gcc/gcc-10.2.0/lib/gcc/x86_64-pc-linux-gnu/10.2.0/../../../../include/c++/10.2.0/x86_64-pc-linux-gnu
 /public/software/gcc/gcc-10.2.0/lib/gcc/x86_64-pc-linux-gnu/10.2.0/../../../../include/c++/10.2.0/backward
 /public/software/gcc/gcc-10.2.0/lib/gcc/x86_64-pc-linux-gnu/10.2.0/include
 /usr/local/include
 /public/software/gcc/gcc-10.2.0/include
 /public/software/gcc/gcc-10.2.0/lib/gcc/x86_64-pc-linux-gnu/10.2.0/include-fixed
 /usr/include
End of search list.
GNU C++14 (GCC) version 10.2.0 (x86_64-pc-linux-gnu)
	compiled by GNU C version 10.2.0, GMP version 6.2.1, MPFR version 4.1.0, MPC version 1.2.1, isl version none
warning: MPC header version 1.2.1 differs from library version 1.0.1.
GGC heuristics: --param ggc-min-expand=100 --param ggc-min-heapsize=131072
Compiler executable checksum: 2034d19f97767bfc39172cd595c05938
COLLECT_GCC_OPTIONS='-v' '-o' 'CMakeFiles/cmTC_de434.dir/CMakeCXXCompilerABI.cpp.o' '-c' '-shared-libgcc' '-mtune=generic' '-march=x86-64'
 as -v --64 -o CMakeFiles/cmTC_de434.dir/CMakeCXXCompilerABI.cpp.o /tmp/ccOiB00z.s
GNU assembler version 2.27 (x86_64-redhat-linux) using BFD version version 2.27-34.base.el7
COMPILER_PATH=/public/software/gcc/gcc-10.2.0/libexec/gcc/x86_64-pc-linux-gnu/10.2.0/:/public/software/gcc/gcc-10.2.0/libexec/gcc/x86_64-pc-linux-gnu/10.2.0/:/public/software/gcc/gcc-10.2.0/libexec/gcc/x86_64-pc-linux-gnu/:/public/software/gcc/gcc-10.2.0/lib/gcc/x86_64-pc-linux-gnu/10.2.0/:/public/software/gcc/gcc-10.2.0/lib/gcc/x86_64-pc-linux-gnu/
LIBRARY_PATH=/public/software/gcc/gcc-10.2.0/lib/gcc/x86_64-pc-linux-gnu/10.2.0/:/public/software/gcc/gcc-10.2.0/lib/gcc/x86_64-pc-linux-gnu/10.2.0/../../../../lib64/:/lib/../lib64/:/usr/lib/../lib64/:/public/software/gcc/gcc-10.2.0/lib/gcc/x86_64-pc-linux-gnu/10.2.0/../../../:/lib/:/usr/lib/
COLLECT_GCC_OPTIONS='-v' '-o' 'CMakeFiles/cmTC_de434.dir/CMakeCXXCompilerABI.cpp.o' '-c' '-shared-libgcc' '-mtune=generic' '-march=x86-64'
Linking CXX executable cmTC_de434
/public/software/cmake/cmake-3.22.0/bin/cmake -E cmake_link_script CMakeFiles/cmTC_de434.dir/link.txt --verbose=1
/public/software/gcc/gcc-10.2.0/bin/g++  -v -rdynamic CMakeFiles/cmTC_de434.dir/CMakeCXXCompilerABI.cpp.o -o cmTC_de434 
Using built-in specs.
COLLECT_GCC=/public/software/gcc/gcc-10.2.0/bin/g++
COLLECT_LTO_WRAPPER=/public/software/gcc/gcc-10.2.0/libexec/gcc/x86_64-pc-linux-gnu/10.2.0/lto-wrapper
Target: x86_64-pc-linux-gnu
Configured with: ./configure --prefix=/public/software/gcc/gcc-10.2.0 --enable-threads=posix -disable-checking -disable-multilib --enable-languages=c,c++ --with-gmp=/public/software/gmp/gmp-6.2.1 --with-mpfr=/public/software/mpfr/mpfr-4.1.0 --with-mpc=/public/software/mpc/mpc-1.2.1 --disable-multilib
Thread model: posix
Supported LTO compression algorithms: zlib
gcc version 10.2.0 (GCC) 
COMPILER_PATH=/public/software/gcc/gcc-10.2.0/libexec/gcc/x86_64-pc-linux-gnu/10.2.0/:/public/software/gcc/gcc-10.2.0/libexec/gcc/x86_64-pc-linux-gnu/10.2.0/:/public/software/gcc/gcc-10.2.0/libexec/gcc/x86_64-pc-linux-gnu/:/public/software/gcc/gcc-10.2.0/lib/gcc/x86_64-pc-linux-gnu/10.2.0/:/public/software/gcc/gcc-10.2.0/lib/gcc/x86_64-pc-linux-gnu/
LIBRARY_PATH=/public/software/gcc/gcc-10.2.0/lib/gcc/x86_64-pc-linux-gnu/10.2.0/:/public/software/gcc/gcc-10.2.0/lib/gcc/x86_64-pc-linux-gnu/10.2.0/../../../../lib64/:/lib/../lib64/:/usr/lib/../lib64/:/public/software/gcc/gcc-10.2.0/lib/gcc/x86_64-pc-linux-gnu/10.2.0/../../../:/lib/:/usr/lib/
COLLECT_GCC_OPTIONS='-v' '-rdynamic' '-o' 'cmTC_de434' '-shared-libgcc' '-mtune=generic' '-march=x86-64'
 /public/software/gcc/gcc-10.2.0/libexec/gcc/x86_64-pc-linux-gnu/10.2.0/collect2 -plugin /public/software/gcc/gcc-10.2.0/libexec/gcc/x86_64-pc-linux-gnu/10.2.0/liblto_plugin.so -plugin-opt=/public/software/gcc/gcc-10.2.0/libexec/gcc/x86_64-pc-linux-gnu/10.2.0/lto-wrapper -plugin-opt=-fresolution=/tmp/ccVaxvXE.res -plugin-opt=-pass-through=-lgcc_s -plugin-opt=-pass-through=-lgcc -plugin-opt=-pass-through=-lc -plugin-opt=-pass-through=-lgcc_s -plugin-opt=-pass-through=-lgcc --eh-frame-hdr -m elf_x86_64 -export-dynamic -dynamic-linker /lib64/ld-linux-x86-64.so.2 -o cmTC_de434 /lib/../lib64/crt1.o /lib/../lib64/crti.o /public/software/gcc/gcc-10.2.0/lib/gcc/x86_64-pc-linux-gnu/10.2.0/crtbegin.o -L/public/software/gcc/gcc-10.2.0/lib/gcc/x86_64-pc-linux-gnu/10.2.0 -L/public/software/gcc/gcc-10.2.0/lib/gcc/x86_64-pc-linux-gnu/10.2.0/../../../../lib64 -L/lib/../lib64 -L/usr/lib/../lib64 -L/public/software/gcc/gcc-10.2.0/lib/gcc/x86_64-pc-linux-gnu/10.2.0/../../.. CMakeFiles/cmTC_de434.dir/CMakeCXXCompilerABI.cpp.o -lstdc++ -lm -lgcc_s -lgcc -lc -lgcc_s -lgcc /public/software/gcc/gcc-10.2.0/lib/gcc/x86_64-pc-linux-gnu/10.2.0/crtend.o /lib/../lib64/crtn.o
COLLECT_GCC_OPTIONS='-v' '-rdynamic' '-o' 'cmTC_de434' '-shared-libgcc' '-mtune=generic' '-march=x86-64'
gmake[1]: Leaving directory `/public/home/zhaoyd1/TG_pytorch/masking/tmp/CMakeFiles/CMakeTmp'



Parsed CXX implicit include dir info from above output: rv=done
  found start of include info
  found start of implicit include info
    add: [/public/software/gcc/gcc-10.2.0/lib/gcc/x86_64-pc-linux-gnu/10.2.0/../../../../include/c++/10.2.0]
    add: [/public/software/gcc/gcc-10.2.0/lib/gcc/x86_64-pc-linux-gnu/10.2.0/../../../../include/c++/10.2.0/x86_64-pc-linux-gnu]
    add: [/public/software/gcc/gcc-10.2.0/lib/gcc/x86_64-pc-linux-gnu/10.2.0/../../../../include/c++/10.2.0/backward]
    add: [/public/software/gcc/gcc-10.2.0/lib/gcc/x86_64-pc-linux-gnu/10.2.0/include]
    add: [/usr/local/include]
    add: [/public/software/gcc/gcc-10.2.0/include]
    add: [/public/software/gcc/gcc-10.2.0/lib/gcc/x86_64-pc-linux-gnu/10.2.0/include-fixed]
    add: [/usr/include]
  end of search list found
  collapse include dir [/public/software/gcc/gcc-10.2.0/lib/gcc/x86_64-pc-linux-gnu/10.2.0/../../../../include/c++/10.2.0] ==> [/public/software/gcc/gcc-10.2.0/include/c++/10.2.0]
  collapse include dir [/public/software/gcc/gcc-10.2.0/lib/gcc/x86_64-pc-linux-gnu/10.2.0/../../../../include/c++/10.2.0/x86_64-pc-linux-gnu] ==> [/public/software/gcc/gcc-10.2.0/include/c++/10.2.0/x86_64-pc-linux-gnu]
  collapse include dir [/public/software/gcc/gcc-10.2.0/lib/gcc/x86_64-pc-linux-gnu/10.2.0/../../../../include/c++/10.2.0/backward] ==> [/public/software/gcc/gcc-10.2.0/include/c++/10.2.0/backward]
  collapse include dir [/public/software/gcc/gcc-10.2.0/lib/gcc/x86_64-pc-linux-gnu/10.2.0/include] ==> [/public/software/gcc/gcc-10.2.0/lib/gcc/x86_64-pc-linux-gnu/10.2.0/include]
  collapse include dir [/usr/local/include] ==> [/usr/local/include]
  collapse include dir [/public/software/gcc/gcc-10.2.0/include] ==> [/public/software/gcc/gcc-10.2.0/include]
  collapse include dir [/public/software/gcc/gcc-10.2.0/lib/gcc/x86_64-pc-linux-gnu/10.2.0/include-fixed] ==> [/public/software/gcc/gcc-10.2.0/lib/gcc/x86_64-pc-linux-gnu/10.2.0/include-fixed]
  collapse include dir [/usr/include] ==> [/usr/include]
  implicit include dirs: [/public/software/gcc/gcc-10.2.0/include/c++/10.2.0;/public/software/gcc/gcc-10.2.0/include/c++/10.2.0/x86_64-pc-linux-gnu;/public/software/gcc/gcc-10.2.0/include/c++/10.2.0/backward;/public/software/gcc/gcc-10.2.0/lib/gcc/x86_64-pc-linux-gnu/10.2.0/include;/usr/local/include;/public/software/gcc/gcc-10.2.0/include;/public/software/gcc/gcc-10.2.0/lib/gcc/x86_64-pc-linux-gnu/10.2.0/include-fixed;/usr/include]


Parsed CXX implicit link information from above output:
  link line regex: [^( *|.*[/\])(ld|CMAKE_LINK_STARTFILE-NOTFOUND|([^/\]+-)?ld|collect2)[^/\]*( |$)]
  ignore line: [Change Dir: /public/home/zhaoyd1/TG_pytorch/masking/tmp/CMakeFiles/CMakeTmp]
  ignore line: []
  ignore line: [Run Build Command(s):/usr/bin/gmake -f Makefile cmTC_de434/fast && /usr/bin/gmake  -f CMakeFiles/cmTC_de434.dir/build.make CMakeFiles/cmTC_de434.dir/build]
  ignore line: [gmake[1]: Entering directory `/public/home/zhaoyd1/TG_pytorch/masking/tmp/CMakeFiles/CMakeTmp']
  ignore line: [Building CXX object CMakeFiles/cmTC_de434.dir/CMakeCXXCompilerABI.cpp.o]
  ignore line: [/public/software/gcc/gcc-10.2.0/bin/g++   -v -o CMakeFiles/cmTC_de434.dir/CMakeCXXCompilerABI.cpp.o -c /public/software/cmake/cmake-3.22.0/share/cmake-3.22/Modules/CMakeCXXCompilerABI.cpp]
  ignore line: [Using built-in specs.]
  ignore line: [COLLECT_GCC=/public/software/gcc/gcc-10.2.0/bin/g++]
  ignore line: [Target: x86_64-pc-linux-gnu]
  ignore line: [Configured with: ./configure --prefix=/public/software/gcc/gcc-10.2.0 --enable-threads=posix -disable-checking -disable-multilib --enable-languages=c c++ --with-gmp=/public/software/gmp/gmp-6.2.1 --with-mpfr=/public/software/mpfr/mpfr-4.1.0 --with-mpc=/public/software/mpc/mpc-1.2.1 --disable-multilib]
  ignore line: [Thread model: posix]
  ignore line: [Supported LTO compression algorithms: zlib]
  ignore line: [gcc version 10.2.0 (GCC) ]
  ignore line: [COLLECT_GCC_OPTIONS='-v' '-o' 'CMakeFiles/cmTC_de434.dir/CMakeCXXCompilerABI.cpp.o' '-c' '-shared-libgcc' '-mtune=generic' '-march=x86-64']
  ignore line: [ /public/software/gcc/gcc-10.2.0/libexec/gcc/x86_64-pc-linux-gnu/10.2.0/cc1plus -quiet -v -D_GNU_SOURCE /public/software/cmake/cmake-3.22.0/share/cmake-3.22/Modules/CMakeCXXCompilerABI.cpp -quiet -dumpbase CMakeCXXCompilerABI.cpp -mtune=generic -march=x86-64 -auxbase-strip CMakeFiles/cmTC_de434.dir/CMakeCXXCompilerABI.cpp.o -version -o /tmp/ccOiB00z.s]
  ignore line: [GNU C++14 (GCC) version 10.2.0 (x86_64-pc-linux-gnu)]
  ignore line: [	compiled by GNU C version 10.2.0  GMP version 6.2.1  MPFR version 4.1.0  MPC version 1.2.1  isl version none]
  ignore line: [warning: MPC header version 1.2.1 differs from library version 1.0.1.]
  ignore line: [GGC heuristics: --param ggc-min-expand=100 --param ggc-min-heapsize=131072]
  ignore line: [ignoring nonexistent directory "/public/software/gcc/gcc-10.2.0/lib/gcc/x86_64-pc-linux-gnu/10.2.0/../../../../x86_64-pc-linux-gnu/include"]
  ignore line: [#include "..." search starts here:]
  ignore line: [#include <...> search starts here:]
  ignore line: [ /public/software/gcc/gcc-10.2.0/lib/gcc/x86_64-pc-linux-gnu/10.2.0/../../../../include/c++/10.2.0]
  ignore line: [ /public/software/gcc/gcc-10.2.0/lib/gcc/x86_64-pc-linux-gnu/10.2.0/../../../../include/c++/10.2.0/x86_64-pc-linux-gnu]
  ignore line: [ /public/software/gcc/gcc-10.2.0/lib/gcc/x86_64-pc-linux-gnu/10.2.0/../../../../include/c++/10.2.0/backward]
  ignore line: [ /public/software/gcc/gcc-10.2.0/lib/gcc/x86_64-pc-linux-gnu/10.2.0/include]
  ignore line: [ /usr/local/include]
  ignore line: [ /public/software/gcc/gcc-10.2.0/include]
  ignore line: [ /public/software/gcc/gcc-10.2.0/lib/gcc/x86_64-pc-linux-gnu/10.2.0/include-fixed]
  ignore line: [ /usr/include]
  ignore line: [End of search list.]
  ignore line: [GNU C++14 (GCC) version 10.2.0 (x86_64-pc-linux-gnu)]
  ignore line: [	compiled by GNU C version 10.2.0  GMP version 6.2.1  MPFR version 4.1.0  MPC version 1.2.1  isl version none]
  ignore line: [warning: MPC header version 1.2.1 differs from library version 1.0.1.]
  ignore line: [GGC heuristics: --param ggc-min-expand=100 --param ggc-min-heapsize=131072]
  ignore line: [Compiler executable checksum: 2034d19f97767bfc39172cd595c05938]
  ignore line: [COLLECT_GCC_OPTIONS='-v' '-o' 'CMakeFiles/cmTC_de434.dir/CMakeCXXCompilerABI.cpp.o' '-c' '-shared-libgcc' '-mtune=generic' '-march=x86-64']
  ignore line: [ as -v --64 -o CMakeFiles/cmTC_de434.dir/CMakeCXXCompilerABI.cpp.o /tmp/ccOiB00z.s]
  ignore line: [GNU assembler version 2.27 (x86_64-redhat-linux) using BFD version version 2.27-34.base.el7]
  ignore line: [COMPILER_PATH=/public/software/gcc/gcc-10.2.0/libexec/gcc/x86_64-pc-linux-gnu/10.2.0/:/public/software/gcc/gcc-10.2.0/libexec/gcc/x86_64-pc-linux-gnu/10.2.0/:/public/software/gcc/gcc-10.2.0/libexec/gcc/x86_64-pc-linux-gnu/:/public/software/gcc/gcc-10.2.0/lib/gcc/x86_64-pc-linux-gnu/10.2.0/:/public/software/gcc/gcc-10.2.0/lib/gcc/x86_64-pc-linux-gnu/]
  ignore line: [LIBRARY_PATH=/public/software/gcc/gcc-10.2.0/lib/gcc/x86_64-pc-linux-gnu/10.2.0/:/public/software/gcc/gcc-10.2.0/lib/gcc/x86_64-pc-linux-gnu/10.2.0/../../../../lib64/:/lib/../lib64/:/usr/lib/../lib64/:/public/software/gcc/gcc-10.2.0/lib/gcc/x86_64-pc-linux-gnu/10.2.0/../../../:/lib/:/usr/lib/]
  ignore line: [COLLECT_GCC_OPTIONS='-v' '-o' 'CMakeFiles/cmTC_de434.dir/CMakeCXXCompilerABI.cpp.o' '-c' '-shared-libgcc' '-mtune=generic' '-march=x86-64']
  ignore line: [Linking CXX executable cmTC_de434]
  ignore line: [/public/software/cmake/cmake-3.22.0/bin/cmake -E cmake_link_script CMakeFiles/cmTC_de434.dir/link.txt --verbose=1]
  ignore line: [/public/software/gcc/gcc-10.2.0/bin/g++  -v -rdynamic CMakeFiles/cmTC_de434.dir/CMakeCXXCompilerABI.cpp.o -o cmTC_de434 ]
  ignore line: [Using built-in specs.]
  ignore line: [COLLECT_GCC=/public/software/gcc/gcc-10.2.0/bin/g++]
  ignore line: [COLLECT_LTO_WRAPPER=/public/software/gcc/gcc-10.2.0/libexec/gcc/x86_64-pc-linux-gnu/10.2.0/lto-wrapper]
  ignore line: [Target: x86_64-pc-linux-gnu]
  ignore line: [Configured with: ./configure --prefix=/public/software/gcc/gcc-10.2.0 --enable-threads=posix -disable-checking -disable-multilib --enable-languages=c c++ --with-gmp=/public/software/gmp/gmp-6.2.1 --with-mpfr=/public/software/mpfr/mpfr-4.1.0 --with-mpc=/public/software/mpc/mpc-1.2.1 --disable-multilib]
  ignore line: [Thread model: posix]
  ignore line: [Supported LTO compression algorithms: zlib]
  ignore line: [gcc version 10.2.0 (GCC) ]
  ignore line: [COMPILER_PATH=/public/software/gcc/gcc-10.2.0/libexec/gcc/x86_64-pc-linux-gnu/10.2.0/:/public/software/gcc/gcc-10.2.0/libexec/gcc/x86_64-pc-linux-gnu/10.2.0/:/public/software/gcc/gcc-10.2.0/libexec/gcc/x86_64-pc-linux-gnu/:/public/software/gcc/gcc-10.2.0/lib/gcc/x86_64-pc-linux-gnu/10.2.0/:/public/software/gcc/gcc-10.2.0/lib/gcc/x86_64-pc-linux-gnu/]
  ignore line: [LIBRARY_PATH=/public/software/gcc/gcc-10.2.0/lib/gcc/x86_64-pc-linux-gnu/10.2.0/:/public/software/gcc/gcc-10.2.0/lib/gcc/x86_64-pc-linux-gnu/10.2.0/../../../../lib64/:/lib/../lib64/:/usr/lib/../lib64/:/public/software/gcc/gcc-10.2.0/lib/gcc/x86_64-pc-linux-gnu/10.2.0/../../../:/lib/:/usr/lib/]
  ignore line: [COLLECT_GCC_OPTIONS='-v' '-rdynamic' '-o' 'cmTC_de434' '-shared-libgcc' '-mtune=generic' '-march=x86-64']
  link line: [ /public/software/gcc/gcc-10.2.0/libexec/gcc/x86_64-pc-linux-gnu/10.2.0/collect2 -plugin /public/software/gcc/gcc-10.2.0/libexec/gcc/x86_64-pc-linux-gnu/10.2.0/liblto_plugin.so -plugin-opt=/public/software/gcc/gcc-10.2.0/libexec/gcc/x86_64-pc-linux-gnu/10.2.0/lto-wrapper -plugin-opt=-fresolution=/tmp/ccVaxvXE.res -plugin-opt=-pass-through=-lgcc_s -plugin-opt=-pass-through=-lgcc -plugin-opt=-pass-through=-lc -plugin-opt=-pass-through=-lgcc_s -plugin-opt=-pass-through=-lgcc --eh-frame-hdr -m elf_x86_64 -export-dynamic -dynamic-linker /lib64/ld-linux-x86-64.so.2 -o cmTC_de434 /lib/../lib64/crt1.o /lib/../lib64/crti.o /public/software/gcc/gcc-10.2.0/lib/gcc/x86_64-pc-linux-gnu/10.2.0/crtbegin.o -L/public/software/gcc/gcc-10.2.0/lib/gcc/x86_64-pc-linux-gnu/10.2.0 -L/public/software/gcc/gcc-10.2.0/lib/gcc/x86_64-pc-linux-gnu/10.2.0/../../../../lib64 -L/lib/../lib64 -L/usr/lib/../lib64 -L/public/software/gcc/gcc-10.2.0/lib/gcc/x86_64-pc-linux-gnu/10.2.0/../../.. CMakeFiles/cmTC_de434.dir/CMakeCXXCompilerABI.cpp.o -lstdc++ -lm -lgcc_s -lgcc -lc -lgcc_s -lgcc /public/software/gcc/gcc-10.2.0/lib/gcc/x86_64-pc-linux-gnu/10.2.0/crtend.o /lib/../lib64/crtn.o]
    arg [/public/software/gcc/gcc-10.2.0/libexec/gcc/x86_64-pc-linux-gnu/10.2.0/collect2] ==> ignore
    arg [-plugin] ==> ignore
    arg [/public/software/gcc/gcc-10.2.0/libexec/gcc/x86_64-pc-linux-gnu/10.2.0/liblto_plugin.so] ==> ignore
    arg [-plugin-opt=/public/software/gcc/gcc-10.2.0/libexec/gcc/x86_64-pc-linux-gnu/10.2.0/lto-wrapper] ==> ignore
    arg [-plugin-opt=-fresolution=/tmp/ccVaxvXE.res] ==> ignore
    arg [-plugin-opt=-pass-through=-lgcc_s] ==> ignore
    arg [-plugin-opt=-pass-through=-lgcc] ==> ignore
    arg [-plugin-opt=-pass-through=-lc] ==> ignore
    arg [-plugin-opt=-pass-through=-lgcc_s] ==> ignore
    arg [-plugin-opt=-pass-through=-lgcc] ==> ignore
    arg [--eh-frame-hdr] ==> ignore
    arg [-m] ==> ignore
    arg [elf_x86_64] ==> ignore
    arg [-export-dynamic] ==> ignore
    arg [-dynamic-linker] ==> ignore
    arg [/lib64/ld-linux-x86-64.so.2] ==> ignore
    arg [-o] ==> ignore
    arg [cmTC_de434] ==> ignore
    arg [/lib/../lib64/crt1.o] ==> obj [/lib/../lib64/crt1.o]
    arg [/lib/../lib64/crti.o] ==> obj [/lib/../lib64/crti.o]
    arg [/public/software/gcc/gcc-10.2.0/lib/gcc/x86_64-pc-linux-gnu/10.2.0/crtbegin.o] ==> obj [/public/software/gcc/gcc-10.2.0/lib/gcc/x86_64-pc-linux-gnu/10.2.0/crtbegin.o]
    arg [-L/public/software/gcc/gcc-10.2.0/lib/gcc/x86_64-pc-linux-gnu/10.2.0] ==> dir [/public/software/gcc/gcc-10.2.0/lib/gcc/x86_64-pc-linux-gnu/10.2.0]
    arg [-L/public/software/gcc/gcc-10.2.0/lib/gcc/x86_64-pc-linux-gnu/10.2.0/../../../../lib64] ==> dir [/public/software/gcc/gcc-10.2.0/lib/gcc/x86_64-pc-linux-gnu/10.2.0/../../../../lib64]
    arg [-L/lib/../lib64] ==> dir [/lib/../lib64]
    arg [-L/usr/lib/../lib64] ==> dir [/usr/lib/../lib64]
    arg [-L/public/software/gcc/gcc-10.2.0/lib/gcc/x86_64-pc-linux-gnu/10.2.0/../../..] ==> dir [/public/software/gcc/gcc-10.2.0/lib/gcc/x86_64-pc-linux-gnu/10.2.0/../../..]
    arg [CMakeFiles/cmTC_de434.dir/CMakeCXXCompilerABI.cpp.o] ==> ignore
    arg [-lstdc++] ==> lib [stdc++]
    arg [-lm] ==> lib [m]
    arg [-lgcc_s] ==> lib [gcc_s]
    arg [-lgcc] ==> lib [gcc]
    arg [-lc] ==> lib [c]
    arg [-lgcc_s] ==> lib [gcc_s]
    arg [-lgcc] ==> lib [gcc]
    arg [/public/software/gcc/gcc-10.2.0/lib/gcc/x86_64-pc-linux-gnu/10.2.0/crtend.o] ==> obj [/public/software/gcc/gcc-10.2.0/lib/gcc/x86_64-pc-linux-gnu/10.2.0/crtend.o]
    arg [/lib/../lib64/crtn.o] ==> obj [/lib/../lib64/crtn.o]
  collapse obj [/lib/../lib64/crt1.o] ==> [/lib64/crt1.o]
  collapse obj [/lib/../lib64/crti.o] ==> [/lib64/crti.o]
  collapse obj [/lib/../lib64/crtn.o] ==> [/lib64/crtn.o]
  collapse library dir [/public/software/gcc/gcc-10.2.0/lib/gcc/x86_64-pc-linux-gnu/10.2.0] ==> [/public/software/gcc/gcc-10.2.0/lib/gcc/x86_64-pc-linux-gnu/10.2.0]
  collapse library dir [/public/software/gcc/gcc-10.2.0/lib/gcc/x86_64-pc-linux-gnu/10.2.0/../../../../lib64] ==> [/public/software/gcc/gcc-10.2.0/lib64]
  collapse library dir [/lib/../lib64] ==> [/lib64]
  collapse library dir [/usr/lib/../lib64] ==> [/usr/lib64]
  collapse library dir [/public/software/gcc/gcc-10.2.0/lib/gcc/x86_64-pc-linux-gnu/10.2.0/../../..] ==> [/public/software/gcc/gcc-10.2.0/lib]
  implicit libs: [stdc++;m;gcc_s;gcc;c;gcc_s;gcc]
  implicit objs: [/lib64/crt1.o;/lib64/crti.o;/public/software/gcc/gcc-10.2.0/lib/gcc/x86_64-pc-linux-gnu/10.2.0/crtbegin.o;/public/software/gcc/gcc-10.2.0/lib/gcc/x86_64-pc-linux-gnu/10.2.0/crtend.o;/lib64/crtn.o]
  implicit dirs: [/public/software/gcc/gcc-10.2.0/lib/gcc/x86_64-pc-linux-gnu/10.2.0;/public/software/gcc/gcc-10.2.0/lib64;/lib64;/usr/lib64;/public/software/gcc/gcc-10.2.0/lib]
  implicit fwks: []


Determining if the include file pthread.h exists passed with the following output:
Change Dir: /public/home/zhaoyd1/TG_pytorch/masking/tmp/CMakeFiles/CMakeTmp

Run Build Command(s):/usr/bin/gmake -f Makefile cmTC_9a41e/fast && /usr/bin/gmake  -f CMakeFiles/cmTC_9a41e.dir/build.make CMakeFiles/cmTC_9a41e.dir/build
gmake[1]: Entering directory `/public/home/zhaoyd1/TG_pytorch/masking/tmp/CMakeFiles/CMakeTmp'
Building C object CMakeFiles/cmTC_9a41e.dir/CheckIncludeFile.c.o
/public/software/gcc/gcc-10.2.0/bin/gcc   -fPIE -o CMakeFiles/cmTC_9a41e.dir/CheckIncludeFile.c.o -c /public/home/zhaoyd1/TG_pytorch/masking/tmp/CMakeFiles/CMakeTmp/CheckIncludeFile.c
Linking C executable cmTC_9a41e
/public/software/cmake/cmake-3.22.0/bin/cmake -E cmake_link_script CMakeFiles/cmTC_9a41e.dir/link.txt --verbose=1
/public/software/gcc/gcc-10.2.0/bin/gcc CMakeFiles/cmTC_9a41e.dir/CheckIncludeFile.c.o -o cmTC_9a41e 
gmake[1]: Leaving directory `/public/home/zhaoyd1/TG_pytorch/masking/tmp/CMakeFiles/CMakeTmp'



Determining if the function pthread_create exists in the pthread passed with the following output:
Change Dir: /public/home/zhaoyd1/TG_pytorch/masking/tmp/CMakeFiles/CMakeTmp

Run Build Command(s):/usr/bin/gmake -f Makefile cmTC_2341d/fast && /usr/bin/gmake  -f CMakeFiles/cmTC_2341d.dir/build.make CMakeFiles/cmTC_2341d.dir/build
gmake[1]: Entering directory `/public/home/zhaoyd1/TG_pytorch/masking/tmp/CMakeFiles/CMakeTmp'
Building C object CMakeFiles/cmTC_2341d.dir/CheckFunctionExists.c.o
/public/software/gcc/gcc-10.2.0/bin/gcc   -DCHECK_FUNCTION_EXISTS=pthread_create -fPIE -o CMakeFiles/cmTC_2341d.dir/CheckFunctionExists.c.o -c /public/software/cmake/cmake-3.22.0/share/cmake-3.22/Modules/CheckFunctionExists.c
Linking C executable cmTC_2341d
/public/software/cmake/cmake-3.22.0/bin/cmake -E cmake_link_script CMakeFiles/cmTC_2341d.dir/link.txt --verbose=1
/public/software/gcc/gcc-10.2.0/bin/gcc  -DCHECK_FUNCTION_EXISTS=pthread_create CMakeFiles/cmTC_2341d.dir/CheckFunctionExists.c.o -o cmTC_2341d  -lpthread 
gmake[1]: Leaving directory `/public/home/zhaoyd1/TG_pytorch/masking/tmp/CMakeFiles/CMakeTmp'



Performing C++ SOURCE FILE Test HAS_FLTO succeeded with the following output:
Change Dir: /public/home/zhaoyd1/TG_pytorch/masking/tmp/CMakeFiles/CMakeTmp

Run Build Command(s):/usr/bin/gmake -f Makefile cmTC_fba9c/fast && /usr/bin/gmake  -f CMakeFiles/cmTC_fba9c.dir/build.make CMakeFiles/cmTC_fba9c.dir/build
gmake[1]: Entering directory `/public/home/zhaoyd1/TG_pytorch/masking/tmp/CMakeFiles/CMakeTmp'
Building CXX object CMakeFiles/cmTC_fba9c.dir/src.cxx.o
/public/software/gcc/gcc-10.2.0/bin/g++ -DHAS_FLTO  -O3 -Wall -Wextra  -fPIE   -flto -fno-fat-lto-objects -o CMakeFiles/cmTC_fba9c.dir/src.cxx.o -c /public/home/zhaoyd1/TG_pytorch/masking/tmp/CMakeFiles/CMakeTmp/src.cxx
Linking CXX executable cmTC_fba9c
/public/software/cmake/cmake-3.22.0/bin/cmake -E cmake_link_script CMakeFiles/cmTC_fba9c.dir/link.txt --verbose=1
/public/software/gcc/gcc-10.2.0/bin/g++ -O3 -Wall -Wextra  CMakeFiles/cmTC_fba9c.dir/src.cxx.o -o cmTC_fba9c  -flto 
gmake[1]: Leaving directory `/public/home/zhaoyd1/TG_pytorch/masking/tmp/CMakeFiles/CMakeTmp'


Source file was:
int main() { return 0; }
